<?xml version="1.0" encoding="UTF-8"?>
<testsuite name="br.com.fiap.techchallenge.lanchonete.usecases.ClienteUseCaseImplTest" tests="11" skipped="0" failures="0" errors="0" timestamp="2024-10-26T18:31:04" hostname="gustavo-ubuntu" time="0.129">
  <properties/>
  <testcase name="deveDeletarUmCliente()" classname="br.com.fiap.techchallenge.lanchonete.usecases.ClienteUseCaseImplTest" time="0.008"/>
  <testcase name="deveSalvarCliente()" classname="br.com.fiap.techchallenge.lanchonete.usecases.ClienteUseCaseImplTest" time="0.009"/>
  <testcase name="deveRetornarExceptionAoTentarDeletarUmCliente()" classname="br.com.fiap.techchallenge.lanchonete.usecases.ClienteUseCaseImplTest" time="0.012"/>
  <testcase name="deveRetornarErroClienteCadastrado()" classname="br.com.fiap.techchallenge.lanchonete.usecases.ClienteUseCaseImplTest" time="0.007"/>
  <testcase name="deveRetornarExceptionAoTentarFazerUpdateNoCliente()" classname="br.com.fiap.techchallenge.lanchonete.usecases.ClienteUseCaseImplTest" time="0.008"/>
  <testcase name="deveRetornarClientePorCpf()" classname="br.com.fiap.techchallenge.lanchonete.usecases.ClienteUseCaseImplTest" time="0.008"/>
  <testcase name="deveRetornarUmaListaDeClientes()" classname="br.com.fiap.techchallenge.lanchonete.usecases.ClienteUseCaseImplTest" time="0.011"/>
  <testcase name="deveRetornarExceptionGenéricaAoTentarSalvarCliente()" classname="br.com.fiap.techchallenge.lanchonete.usecases.ClienteUseCaseImplTest" time="0.011"/>
  <testcase name="deveRetornarExceptionAoTentarBuscarClientePorCpf()" classname="br.com.fiap.techchallenge.lanchonete.usecases.ClienteUseCaseImplTest" time="0.008"/>
  <testcase name="deveRetornarExceptionAoTentarListarClientes()" classname="br.com.fiap.techchallenge.lanchonete.usecases.ClienteUseCaseImplTest" time="0.009"/>
  <testcase name="deveFazerUpdateNoCliente()" classname="br.com.fiap.techchallenge.lanchonete.usecases.ClienteUseCaseImplTest" time="0.008"/>
  <system-out><![CDATA[2024-10-26T15:31:04.596-03:00  INFO 14888 --- [lanchonete] [    Test worker] t.c.s.AnnotationConfigContextLoaderUtils : Could not detect default configuration classes for test class [br.com.fiap.techchallenge.lanchonete.usecases.ClienteUseCaseImplTest]: ClienteUseCaseImplTest does not declare any static, non-private, non-final, nested classes annotated with @Configuration.
2024-10-26T15:31:04.611-03:00  INFO 14888 --- [lanchonete] [    Test worker] .b.t.c.SpringBootTestContextBootstrapper : Found @SpringBootConfiguration br.com.fiap.techchallenge.lanchonete.LanchoneteApplication for test class br.com.fiap.techchallenge.lanchonete.usecases.ClienteUseCaseImplTest
]]></system-out>
  <system-err><![CDATA[]]></system-err>
</testsuite>
